<?xml version="1.0" encoding="UTF-8"?>
<!-- Generated by org.testng.reporters.JUnitReportReporter -->
<testsuite hostname="LAPTOP-RHJ6NAIG" failures="0" tests="2" name="com.Ninza.hrm.api.ProjectTest.ProjectTest" time="0.725" errors="0" timestamp="2025-03-28T16:53:47 IST" skipped="0">
  <testcase classname="com.Ninza.hrm.api.ProjectTest.ProjectTest" name="createDuplicateProjectTest" time="0.074"/>
  <testcase classname="com.Ninza.hrm.api.ProjectTest.ProjectTest" name="addSingleProjectWithCreated" time="0.651"/>
</testsuite> <!-- com.Ninza.hrm.api.ProjectTest.ProjectTest -->
