<?xml version="1.0" encoding="UTF-8"?>
<!-- Generated by org.testng.reporters.JUnitReportReporter -->
<testsuite hostname="ASUS-Aarati" failures="0" tests="2" name="com.Ninza.hrm.api.EmployeeTest.EmployeeTest" time="3.994" errors="0" timestamp="2025-07-11T15:32:59 IST" skipped="0">
  <testcase classname="com.Ninza.hrm.api.EmployeeTest.EmployeeTest" name="addEmployeTest" time="2.748"/>
  <testcase classname="com.Ninza.hrm.api.EmployeeTest.EmployeeTest" name="addEmployeeWithoutMailTest" time="1.246"/>
</testsuite> <!-- com.Ninza.hrm.api.EmployeeTest.EmployeeTest -->
